Exporter version: 3.3.0, Blender version: 3.0.0
========= Conversion from Blender to Babylon.js =========
	Scene settings used :
		Inline textures     :  false
		Material Type       :  PBR
		Positions Precision :  4
		Normals Precision   :  3
		UVs Precision       :  3
		Vert Color Precision:  3
		Mat Weight Precision:  2
		Texture directory   :  xxxxxx
	Python World class constructor completed
	WARNING: No active camera has been assigned, or is not in a currently enabled collection
	processing begun of mesh merging, type:  By Parent
		parent: Fury had its children merged into it
	processing begun of mesh:  Fury
		processing begun of material:  SALS.GreyPaint
		processing begun of material:  SALS.DarkMetal2
		processing begun of material:  SALS.GreyPaint2
		processing begun of material:  SALS.Aluminium
		processing begun of material:  SALS.Fury_Dark_Trim
		processing begun of material:  SALS.Cockpit_Dark_Green
		processing begun of material:  SALS.Cockpit_Orange
		processing begun of material:  SALS.Cockpit_Amber
		processing begun of material:  SALS.weapons_bronze
		processing begun of material:  SALS.weapons_rubber
		processing begun of material:  SALS.weapons_metal
		processing begun of multimaterial:  SALS.furyGeoMultimat#0
		num positions      :  284081
		num normals        :  0
		num tangents       :  0
		num uvs            :  0
		num uvs2           :  0
		num colors         :  0
		num triangles      :  273376
		WARNING: # of 0 area faces found:  24
	processing begun of mesh:  Hatch
		processing begun of material:  SALS.GreyPaint
		processing begun of material:  SALS.DarkMetal2
		processing begun of material:  SALS.GreyPaint2
		registered as also a user of material:  SALS.GreyPaint
		registered as also a user of material:  SALS.DarkMetal2
		registered as also a user of material:  SALS.GreyPaint2
		processing begun of multimaterial:  SALS.furyGeoMultimat#1
		num positions      :  7354
		num normals        :  0
		num tangents       :  0
		num uvs            :  0
		num uvs2           :  0
		num colors         :  0
		num triangles      :  7530
	processing begun of mesh:  Projectile
		processing begun of material:  SALS.ProjectileMat
		num positions      :  64
		num normals        :  0
		num tangents       :  0
		num uvs            :  0
		num uvs2           :  0
		num colors         :  0
		num triangles      :  124
	processing begun of mesh:  BottomLeft_InnerFin
		processing begun of material:  SALS.DarkMetal2
		registered as also a user of material:  SALS.DarkMetal2
		num positions      :  6234
		num normals        :  0
		num tangents       :  0
		num uvs            :  0
		num uvs2           :  0
		num colors         :  0
		num triangles      :  5302
	processing begun of mesh:  BottomLeft_OuterFin
		processing begun of material:  SALS.DarkMetal2
		registered as also a user of material:  SALS.DarkMetal2
		num positions      :  6272
		num normals        :  0
		num tangents       :  0
		num uvs            :  0
		num uvs2           :  0
		num colors         :  0
		num triangles      :  5302
	processing begun of mesh:  BottomRight_InnerFin
		processing begun of material:  SALS.DarkMetal2
		registered as also a user of material:  SALS.DarkMetal2
		num positions      :  6234
		num normals        :  0
		num tangents       :  0
		num uvs            :  0
		num uvs2           :  0
		num colors         :  0
		num triangles      :  5302
	processing begun of mesh:  BottomRight_OuterFin
		processing begun of material:  SALS.DarkMetal2
		registered as also a user of material:  SALS.DarkMetal2
		num positions      :  6234
		num normals        :  0
		num tangents       :  0
		num uvs            :  0
		num uvs2           :  0
		num colors         :  0
		num triangles      :  5302
	processing begun of mesh:  TopLeft_InnerFin
		processing begun of material:  SALS.DarkMetal2
		registered as also a user of material:  SALS.DarkMetal2
		num positions      :  6266
		num normals        :  0
		num tangents       :  0
		num uvs            :  0
		num uvs2           :  0
		num colors         :  0
		num triangles      :  5300
	processing begun of mesh:  TopLeft_OuterFin
		processing begun of material:  SALS.DarkMetal2
		registered as also a user of material:  SALS.DarkMetal2
		num positions      :  6215
		num normals        :  0
		num tangents       :  0
		num uvs            :  0
		num uvs2           :  0
		num colors         :  0
		num triangles      :  5268
	processing begun of mesh:  TopRight_InnerFin
		processing begun of material:  SALS.DarkMetal2
		registered as also a user of material:  SALS.DarkMetal2
		num positions      :  6234
		num normals        :  0
		num tangents       :  0
		num uvs            :  0
		num uvs2           :  0
		num colors         :  0
		num triangles      :  5302
	processing begun of mesh:  TopRight_OuterFin
		processing begun of material:  SALS.DarkMetal2
		registered as also a user of material:  SALS.DarkMetal2
		num positions      :  6234
		num normals        :  0
		num tangents       :  0
		num uvs            :  0
		num uvs2           :  0
		num colors         :  0
		num triangles      :  5302
	processing begun of node:  BottomLeft_Gun_TransformNode
	processing begun of node:  BottomRight_Gun_TransformNode
	processing begun of node:  DirectionalTransformNode
	processing begun of node:  TopLeft_Gun_TransformNode
	processing begun of node:  TopRight_Gun_TransformNode
	processing begun of mesh:  BottomLeft_EngineExhaust
		processing begun of material:  SALS.ExhaustMat
		num positions      :  257
		num normals        :  0
		num tangents       :  0
		num uvs            :  0
		num uvs2           :  0
		num colors         :  0
		num triangles      :  480
	processing begun of mesh:  BottomRight_EngineExhaust
		processing begun of material:  SALS.ExhaustMat
		registered as also a user of material:  SALS.ExhaustMat
		num positions      :  257
		num normals        :  0
		num tangents       :  0
		num uvs            :  0
		num uvs2           :  0
		num colors         :  0
		num triangles      :  480
	processing begun of mesh:  TopRight_EngineExhaust
		processing begun of material:  SALS.ExhaustMat
		registered as also a user of material:  SALS.ExhaustMat
		num positions      :  257
		num normals        :  0
		num tangents       :  0
		num uvs            :  0
		num uvs2           :  0
		num colors         :  0
		num triangles      :  480
	processing begun of mesh:  TopLeft_EngineExhaust
		processing begun of material:  SALS.ExhaustMat
		registered as also a user of material:  SALS.ExhaustMat
		num positions      :  257
		num normals        :  0
		num tangents       :  0
		num uvs            :  0
		num uvs2           :  0
		num colors         :  0
		num triangles      :  480
========= Writing of files started =========
	writing mesh:  Fury
	writing mesh:  Hatch
	writing mesh:  Projectile
	writing mesh:  BottomLeft_InnerFin
	writing mesh:  BottomLeft_OuterFin
	writing mesh:  BottomRight_InnerFin
	writing mesh:  BottomRight_OuterFin
	writing mesh:  TopLeft_InnerFin
	writing mesh:  TopLeft_OuterFin
	writing mesh:  TopRight_InnerFin
	writing mesh:  TopRight_OuterFin
	writing mesh:  BottomLeft_EngineExhaust
	writing mesh:  BottomRight_EngineExhaust
	writing mesh:  TopRight_EngineExhaust
	writing mesh:  TopLeft_EngineExhaust
========= Writing of files completed =========
========= end of processing =========
elapsed time:  0 min, 14.5999 secs
