Exporter version: 3.3.0, Blender version: 3.0.0
========= Conversion from Blender to Babylon.js =========
	Scene settings used :
		Inline textures     :  false
		Material Type       :  STD
		Positions Precision :  4
		Normals Precision   :  3
		UVs Precision       :  3
		Vert Color Precision:  3
		Mat Weight Precision:  2
		Texture directory   :  W:\sals-sales\javascript\exports\../../images
	Python World class constructor completed
	WARNING: No active camera has been assigned, or is not in a currently enabled collection
	processing begun of mesh:  FurySalesDock
		processing begun of material:  SALS.diskMat
		processing begun of material:  SALS.InnerMat
		processing begun of material:  SALS.underneathMat
		processing begun of multimaterial:  SALS.setGeoMultimat#0
		num positions      :  33
		num normals        :  0
		num tangents       :  0
		num uvs            :  0
		num uvs2           :  0
		num colors         :  0
		num triangles      :  35
		WARNING: # of 0 area faces found:  10
	processing begun of mesh:  FurySalesDockWarningSys
		processing begun of material:  SALS.warningMat
		num positions      :  70
		num normals        :  0
		num tangents       :  0
		num uvs            :  0
		num uvs2           :  0
		num colors         :  0
		num triangles      :  104
		WARNING: # of 0 area faces found:  20
	processing begun of mesh:  MainSalesDockWarningSys
		mesh is an instance of :  FurySalesDockWarningSys.  Processing halted.
	processing begun of mesh:  ObservationDock
		mesh is an instance of :  FurySalesDock.  Processing halted.
	processing begun of mesh:  ObservationDockWarningSys
		mesh is an instance of :  FurySalesDockWarningSys.  Processing halted.
	processing begun of mesh:  ProjectionSphere
		processing begun of material:  SALS.projectionMat
			processing texture Milkyway_BG
		num positions      :  1659
		num normals        :  0
		num tangents       :  0
		num uvs            :  3318
		num uvs2           :  0
		num colors         :  0
		num triangles      :  2944
	processing begun of mesh:  MainSalesDock
		processing begun of material:  SALS.diskMat
		processing begun of material:  SALS.InnerMat
		processing begun of material:  SALS.underneathMat
		registered as also a user of material:  SALS.diskMat
		registered as also a user of material:  SALS.InnerMat
		registered as also a user of material:  SALS.underneathMat
		processing begun of multimaterial:  SALS.setGeoMultimat#1
		num positions      :  33
		num normals        :  0
		num tangents       :  0
		num uvs            :  0
		num uvs2           :  0
		num colors         :  0
		num triangles      :  35
		WARNING: # of 0 area faces found:  10
	processing begun of mesh:  SpareDockWarningSys1
		mesh is an instance of :  FurySalesDockWarningSys.  Processing halted.
	processing begun of mesh:  SpareDockWarningSys2
		mesh is an instance of :  FurySalesDockWarningSys.  Processing halted.
	processing begun of mesh:  SpareDockWarningSys3
		mesh is an instance of :  FurySalesDockWarningSys.  Processing halted.
	processing begun of mesh:  SpareDockWarningSys4
		mesh is an instance of :  FurySalesDockWarningSys.  Processing halted.
	processing begun of mesh:  SpareSalesDock1
		mesh is an instance of :  FurySalesDock.  Processing halted.
	processing begun of mesh:  SpareSalesDock2
		mesh is an instance of :  FurySalesDock.  Processing halted.
	processing begun of mesh:  SpareSalesDock3
		mesh is an instance of :  FurySalesDock.  Processing halted.
	processing begun of mesh:  SpareSalesDock4
		mesh is an instance of :  FurySalesDock.  Processing halted.
	processing begun of mesh:  BjsBanner
		processing begun of material:  SALS.underneathMat
		registered as also a user of material:  SALS.underneathMat
		num positions      :  818
		num normals        :  0
		num tangents       :  0
		num uvs            :  0
		num uvs2           :  0
		num colors         :  0
		num triangles      :  808
	processing begun of mesh:  CreditsBanner
		processing begun of material:  SALS.InnerMat
		registered as also a user of material:  SALS.InnerMat
		num positions      :  4909
		num normals        :  0
		num tangents       :  0
		num uvs            :  0
		num uvs2           :  0
		num colors         :  0
		num triangles      :  4775
	processing begun of mesh:  ComeOnDownBanner
		processing begun of material:  SALS.warningMat
		registered as also a user of material:  SALS.warningMat
		num positions      :  5714
		num normals        :  0
		num tangents       :  0
		num uvs            :  11428
		num uvs2           :  0
		num colors         :  0
		num triangles      :  5612
========= Writing of files started =========
	writing mesh:  FurySalesDock
	writing mesh:  FurySalesDockWarningSys
	writing mesh:  ProjectionSphere
	writing mesh:  MainSalesDock
	writing mesh:  BjsBanner
	writing mesh:  CreditsBanner
	writing mesh:  ComeOnDownBanner
========= Writing of files completed =========
========= end of processing =========
elapsed time:  0 min, .7099 secs
